2013-05-30 21:13:07.282 [info] <0.7.0> Application lager started on node 'bff@nick-Advent'
2013-05-30 21:13:07.299 [info] <0.67.0> Starting Boss in development mode....

2013-05-30 21:13:07.339 [info] <0.88.0> Successfully connected to database: boss_db_adapter_mock
2013-05-30 21:13:07.339 [info] <0.89.0> Successfully connected to database: boss_db_adapter_mock
2013-05-30 21:13:07.340 [info] <0.90.0> Successfully connected to database: boss_db_adapter_mock
2013-05-30 21:13:07.340 [info] <0.91.0> Successfully connected to database: boss_db_adapter_mock
2013-05-30 21:13:07.340 [info] <0.92.0> Successfully connected to database: boss_db_adapter_mock
2013-05-30 21:13:07.365 [info] <0.67.0> Starting master services on 'bff@nick-Advent'

2013-05-30 21:13:07.383 [info] <0.7.0> Application tinymq started on node 'bff@nick-Advent'
2013-05-30 21:13:07.414 [info] <0.67.0> SSL:[]

2013-05-30 21:13:07.451 [info] <0.7.0> Application boss started on node 'bff@nick-Advent'
2013-05-30 21:13:07.478 [info] <0.151.0> Loading routes from "/home/nick/Dev/bff/priv/bff.routes" ....
2013-05-30 22:06:46.161 [info] <0.7.0> Application lager started on node 'bff@nick-Advent'
2013-05-30 22:06:46.183 [info] <0.67.0> Starting Boss in development mode....

2013-05-30 22:06:46.228 [info] <0.88.0> Successfully connected to database: boss_db_adapter_mock
2013-05-30 22:06:46.228 [info] <0.89.0> Successfully connected to database: boss_db_adapter_mock
2013-05-30 22:06:46.229 [info] <0.90.0> Successfully connected to database: boss_db_adapter_mock
2013-05-30 22:06:46.229 [info] <0.91.0> Successfully connected to database: boss_db_adapter_mock
2013-05-30 22:06:46.229 [info] <0.92.0> Successfully connected to database: boss_db_adapter_mock
2013-05-30 22:06:46.254 [info] <0.67.0> Starting master services on 'bff@nick-Advent'

2013-05-30 22:06:46.270 [info] <0.7.0> Application tinymq started on node 'bff@nick-Advent'
2013-05-30 22:06:46.299 [info] <0.67.0> SSL:[]

2013-05-30 22:06:46.315 [info] <0.7.0> Application boss started on node 'bff@nick-Advent'
2013-05-30 22:06:46.316 [info] <0.7.0> Application bff started on node 'bff@nick-Advent'
2013-05-30 22:06:46.352 [info] <0.152.0> Loading routes from "/home/nick/Dev/bff/priv/bff.routes" ....
2013-05-30 22:06:53.549 [info] <0.152.0> Loading routes from "/home/nick/Dev/bff/priv/bff.routes" ....
2013-05-30 22:06:53.550 [error] <0.149.0> GET /post/list [bff] 404 1ms
2013-05-30 22:07:00.446 [info] <0.152.0> Loading routes from "/home/nick/Dev/bff/priv/bff.routes" ....
2013-05-30 22:07:00.448 [error] <0.149.0> GET /post/create [bff] 404 4ms
2013-05-30 22:07:07.771 [info] <0.152.0> Loading routes from "/home/nick/Dev/bff/priv/bff.routes" ....
2013-05-30 22:07:07.828 [error] <0.149.0> GET /posts/create [bff] 404 57ms
2013-05-30 22:07:19.753 [info] <0.152.0> Loading routes from "/home/nick/Dev/bff/priv/bff.routes" ....
2013-05-30 22:07:19.832 [error] <0.149.0> GET /posts/list [bff] 404 78ms
2013-05-30 22:08:25.862 [info] <0.152.0> Loading routes from "/home/nick/Dev/bff/priv/bff.routes" ....
2013-05-30 22:08:25.943 [info] <0.149.0> GET /post/list [bff] 200 80ms
2013-05-30 22:08:28.657 [info] <0.152.0> Loading routes from "/home/nick/Dev/bff/priv/bff.routes" ....
2013-05-30 22:08:28.729 [info] <0.149.0> GET /post/create [bff] 200 71ms
2013-05-30 22:08:38.883 [info] <0.152.0> Loading routes from "/home/nick/Dev/bff/priv/bff.routes" ....
2013-05-30 22:08:38.942 [error] <0.149.0> {undef,[{greeting,new,[id,undefined],[]},{bff_post_controller,create,3,[{file,"/home/nick/Dev/bff/src/controller/bff_post_controller.erl"},{line,8}]},{boss_web_controller,execute_action,5,[{file,"src/boss/boss_web_controller.erl"},{line,836}]},{boss_web_controller,process_dynamic_request,5,[{file,"src/boss/boss_web_controller.erl"},{line,543}]},{boss_web_controller,process_request,5,[{file,"src/boss/boss_web_controller.erl"},{line,532}]},{timer,tc,3,[{file,"timer.erl"},{line,194}]},{boss_web_controller,build_dynamic_response,4,[{file,"src/boss/boss_web_controller.erl"},{line,462}]},{mochiweb_http,headers,5,[{file,"src/mochiweb_http.erl"},{line,94}]}]}
2013-05-30 22:08:38.949 [error] <0.149.0> POST /post/create [bff] 500 68ms
2013-05-30 22:09:08.490 [info] <0.152.0> Loading routes from "/home/nick/Dev/bff/priv/bff.routes" ....
2013-05-30 22:09:08.554 [info] <0.149.0> GET /post/create [bff] 200 64ms
2013-05-30 22:09:21.352 [info] <0.152.0> Loading routes from "/home/nick/Dev/bff/priv/bff.routes" ....
2013-05-30 22:09:21.406 [error] <0.149.0> {badarg,[{erlang,length,[undefined],[]},{post,'-validation_tests/1-fun-0-',1,[{file,"/home/nick/Dev/bff/src/model/post.erl"},{line,7}]},{boss_db,'-validate_record/1-lc$^0/1-0-',1,[{file,"src/boss_db.erl"},{line,308}]},{boss_db,validate_record,1,[{file,"src/boss_db.erl"},{line,308}]},{boss_db,save_record,1,[{file,"src/boss_db.erl"},{line,255}]},{bff_post_controller,create,3,[{file,"/home/nick/Dev/bff/src/controller/bff_post_controller.erl"},{line,9}]},{boss_web_controller,execute_action,5,[{file,"src/boss/boss_web_controller.erl"},{line,836}]},{boss_web_controller,process_dynamic_request,5,[{file,"src/boss/boss_web_controller.erl"},{line,543}]}]}
2013-05-30 22:09:21.412 [error] <0.149.0> POST /post/create [bff] 500 58ms
2013-05-30 22:12:48.971 [info] <0.152.0> Loading routes from "/home/nick/Dev/bff/priv/bff.routes" ....
2013-05-30 22:12:49.065 [info] <0.149.0> GET /post/create [bff] 200 93ms
2013-05-30 22:12:54.614 [info] <0.152.0> Loading routes from "/home/nick/Dev/bff/priv/bff.routes" ....
2013-05-30 22:12:54.688 [info] <0.149.0> POST /post/create [bff] 302 75ms
2013-05-30 22:12:54.691 [info] <0.152.0> Loading routes from "/home/nick/Dev/bff/priv/bff.routes" ....
2013-05-30 22:12:54.758 [info] <0.149.0> GET /post/list [bff] 200 66ms
2013-05-30 22:12:58.817 [info] <0.152.0> Loading routes from "/home/nick/Dev/bff/priv/bff.routes" ....
2013-05-30 22:12:58.879 [info] <0.149.0> GET /post/create [bff] 200 61ms
2013-05-30 22:13:04.925 [info] <0.152.0> Loading routes from "/home/nick/Dev/bff/priv/bff.routes" ....
2013-05-30 22:13:04.979 [info] <0.149.0> POST /post/create [bff] 302 54ms
2013-05-30 22:13:04.983 [info] <0.152.0> Loading routes from "/home/nick/Dev/bff/priv/bff.routes" ....
2013-05-30 22:13:05.053 [info] <0.149.0> GET /post/list [bff] 200 69ms
2013-05-30 22:14:17.980 [info] <0.152.0> Loading routes from "/home/nick/Dev/bff/priv/bff.routes" ....
2013-05-30 22:14:18.045 [info] <0.149.0> GET /post/list [bff] 200 64ms
2013-05-30 22:14:20.929 [info] <0.152.0> Loading routes from "/home/nick/Dev/bff/priv/bff.routes" ....
2013-05-30 22:14:20.991 [info] <0.149.0> GET /post/create [bff] 200 61ms
2013-05-30 22:14:27.160 [info] <0.152.0> Loading routes from "/home/nick/Dev/bff/priv/bff.routes" ....
2013-05-30 22:14:27.220 [info] <0.149.0> POST /post/create [bff] 302 60ms
2013-05-30 22:14:27.224 [info] <0.152.0> Loading routes from "/home/nick/Dev/bff/priv/bff.routes" ....
2013-05-30 22:14:27.299 [info] <0.149.0> GET /post/list [bff] 200 75ms
2013-05-30 22:14:30.487 [info] <0.152.0> Loading routes from "/home/nick/Dev/bff/priv/bff.routes" ....
2013-05-30 22:14:30.552 [info] <0.149.0> GET /post/list [bff] 200 64ms
2013-05-30 22:15:08.270 [info] <0.7.0> Application lager started on node 'bff@nick-Advent'
2013-05-30 22:15:08.289 [info] <0.67.0> Starting Boss in development mode....

2013-05-30 22:15:08.323 [info] <0.88.0> Successfully connected to database: boss_db_adapter_mock
2013-05-30 22:15:08.324 [info] <0.89.0> Successfully connected to database: boss_db_adapter_mock
2013-05-30 22:15:08.324 [info] <0.90.0> Successfully connected to database: boss_db_adapter_mock
2013-05-30 22:15:08.324 [info] <0.91.0> Successfully connected to database: boss_db_adapter_mock
2013-05-30 22:15:08.325 [info] <0.92.0> Successfully connected to database: boss_db_adapter_mock
2013-05-30 22:15:08.366 [info] <0.67.0> Starting master services on 'bff@nick-Advent'

2013-05-30 22:15:08.382 [info] <0.7.0> Application tinymq started on node 'bff@nick-Advent'
2013-05-30 22:15:08.411 [info] <0.67.0> SSL:[]

2013-05-30 22:15:08.424 [info] <0.7.0> Application boss started on node 'bff@nick-Advent'
2013-05-30 22:15:08.425 [info] <0.7.0> Application bff started on node 'bff@nick-Advent'
2013-05-30 22:15:08.448 [info] <0.152.0> Loading routes from "/home/nick/Dev/bff/priv/bff.routes" ....
2013-05-30 22:15:18.477 [info] <0.152.0> Loading routes from "/home/nick/Dev/bff/priv/bff.routes" ....
2013-05-30 22:15:18.541 [info] <0.134.0> GET /post/list [bff] 200 63ms
2013-05-30 22:15:20.769 [info] <0.152.0> Loading routes from "/home/nick/Dev/bff/priv/bff.routes" ....
2013-05-30 22:15:20.840 [info] <0.134.0> GET /post/create [bff] 200 70ms
2013-05-30 22:15:23.818 [info] <0.152.0> Loading routes from "/home/nick/Dev/bff/priv/bff.routes" ....
2013-05-30 22:15:23.886 [info] <0.134.0> POST /post/create [bff] 302 67ms
2013-05-30 22:15:23.889 [info] <0.152.0> Loading routes from "/home/nick/Dev/bff/priv/bff.routes" ....
2013-05-30 22:15:23.956 [info] <0.134.0> GET /post/list [bff] 200 67ms
2013-05-30 22:15:26.700 [info] <0.152.0> Loading routes from "/home/nick/Dev/bff/priv/bff.routes" ....
2013-05-30 22:15:26.755 [error] <0.89.0> gen_server <0.89.0> terminated with reason: no function clause matching boss_db_controller:infer_type_from_id(undefined) line 325
2013-05-30 22:15:26.761 [error] <0.89.0> CRASH REPORT Process <0.89.0> with 0 neighbours exited with reason: no function clause matching boss_db_controller:infer_type_from_id(undefined) line 325 in gen_server:terminate/6 line 747
2013-05-30 22:15:26.771 [error] <0.87.0> Supervisor poolboy_sup had child boss_db_controller started with {boss_db_controller,start_link,undefined} at <0.89.0> exit with reason no function clause matching boss_db_controller:infer_type_from_id(undefined) line 325 in context child_terminated
2013-05-30 22:15:26.778 [error] <0.134.0> {{function_clause,[{boss_db_controller,infer_type_from_id,[undefined],[{file,"src/boss_db_controller.erl"},{line,325}]},{boss_db_controller,db_for_key,2,[{file,"src/boss_db_controller.erl"},{line,315}]},{boss_db_controller,handle_call,3,[{file,"src/boss_db_controller.erl"},{line,172}]},{gen_server,handle_msg,5,[{file,"gen_server.erl"},{line,588}]},{proc_lib,init_p_do_apply,3,[{file,"proc_lib.erl"},{line,239}]}]},{gen_server,call,[<0.89.0>,{delete,undefined},30000]}}
2013-05-30 22:15:26.782 [info] <0.209.0> Successfully connected to database: boss_db_adapter_mock
2013-05-30 22:15:26.783 [error] <0.134.0> POST /post/remove [bff] 500 58ms
2013-05-30 22:15:39.538 [info] <0.152.0> Loading routes from "/home/nick/Dev/bff/priv/bff.routes" ....
2013-05-30 22:15:39.620 [info] <0.134.0> GET /post/create [bff] 200 82ms
2013-05-30 22:15:41.569 [info] <0.152.0> Loading routes from "/home/nick/Dev/bff/priv/bff.routes" ....
2013-05-30 22:15:41.625 [info] <0.134.0> POST /post/create [bff] 302 55ms
2013-05-30 22:15:41.629 [info] <0.152.0> Loading routes from "/home/nick/Dev/bff/priv/bff.routes" ....
2013-05-30 22:15:41.696 [info] <0.134.0> GET /post/list [bff] 200 67ms
2013-05-30 22:20:22.506 [info] <0.152.0> Loading routes from "/home/nick/Dev/bff/priv/bff.routes" ....
2013-05-30 22:20:22.577 [info] <0.134.0> GET /post/list [bff] 200 70ms
2013-05-30 22:20:24.971 [info] <0.152.0> Loading routes from "/home/nick/Dev/bff/priv/bff.routes" ....
2013-05-30 22:20:25.050 [info] <0.134.0> GET /post/create [bff] 200 79ms
2013-05-30 22:20:31.609 [info] <0.152.0> Loading routes from "/home/nick/Dev/bff/priv/bff.routes" ....
2013-05-30 22:20:31.673 [info] <0.134.0> POST /post/create [bff] 302 64ms
2013-05-30 22:20:31.676 [info] <0.152.0> Loading routes from "/home/nick/Dev/bff/priv/bff.routes" ....
2013-05-30 22:20:31.740 [info] <0.134.0> GET /post/list [bff] 200 63ms
2013-05-30 22:20:34.457 [info] <0.152.0> Loading routes from "/home/nick/Dev/bff/priv/bff.routes" ....
2013-05-30 22:20:34.517 [info] <0.134.0> POST /post/remove [bff] 302 59ms
2013-05-30 22:20:34.520 [info] <0.152.0> Loading routes from "/home/nick/Dev/bff/priv/bff.routes" ....
2013-05-30 22:20:34.583 [info] <0.134.0> GET /post/list [bff] 200 62ms
2013-05-30 22:20:35.983 [info] <0.152.0> Loading routes from "/home/nick/Dev/bff/priv/bff.routes" ....
2013-05-30 22:20:36.037 [info] <0.134.0> POST /post/remove [bff] 302 58ms
2013-05-30 22:20:36.040 [info] <0.152.0> Loading routes from "/home/nick/Dev/bff/priv/bff.routes" ....
2013-05-30 22:20:36.102 [info] <0.134.0> GET /post/list [bff] 200 61ms
2013-05-30 22:20:39.081 [info] <0.152.0> Loading routes from "/home/nick/Dev/bff/priv/bff.routes" ....
2013-05-30 22:20:39.161 [info] <0.134.0> GET /post/create [bff] 200 79ms
2013-05-30 22:20:47.148 [info] <0.152.0> Loading routes from "/home/nick/Dev/bff/priv/bff.routes" ....
2013-05-30 22:20:47.216 [info] <0.134.0> POST /post/create [bff] 302 68ms
2013-05-30 22:20:47.219 [info] <0.152.0> Loading routes from "/home/nick/Dev/bff/priv/bff.routes" ....
2013-05-30 22:20:47.286 [info] <0.134.0> GET /post/list [bff] 200 67ms
2013-05-30 22:20:50.098 [info] <0.152.0> Loading routes from "/home/nick/Dev/bff/priv/bff.routes" ....
2013-05-30 22:20:50.157 [info] <0.134.0> POST /post/remove [bff] 302 59ms
2013-05-30 22:20:50.160 [info] <0.152.0> Loading routes from "/home/nick/Dev/bff/priv/bff.routes" ....
2013-05-30 22:20:50.224 [info] <0.134.0> GET /post/list [bff] 200 63ms
2013-05-30 22:21:00.260 [info] <0.152.0> Loading routes from "/home/nick/Dev/bff/priv/bff.routes" ....
2013-05-30 22:21:00.312 [info] <0.134.0> POST /post/remove [bff] 302 52ms
2013-05-30 22:21:00.315 [info] <0.152.0> Loading routes from "/home/nick/Dev/bff/priv/bff.routes" ....
2013-05-30 22:21:00.396 [info] <0.134.0> GET /post/list [bff] 200 80ms
2013-05-30 22:21:06.344 [info] <0.152.0> Loading routes from "/home/nick/Dev/bff/priv/bff.routes" ....
2013-05-30 22:21:06.447 [error] <0.134.0> GET /post/ [bff] 404 102ms
2013-05-30 22:21:12.564 [info] <0.152.0> Loading routes from "/home/nick/Dev/bff/priv/bff.routes" ....
2013-05-30 22:21:12.640 [info] <0.134.0> GET /post/list [bff] 200 75ms
2013-05-30 22:28:36.474 [info] <0.152.0> Loading routes from "/home/nick/Dev/bff/priv/bff.routes" ....
2013-05-30 22:28:36.548 [info] <0.137.0> GET /post/create [bff] 200 74ms
2013-05-30 22:28:41.942 [info] <0.152.0> Loading routes from "/home/nick/Dev/bff/priv/bff.routes" ....
2013-05-30 22:28:42.008 [info] <0.137.0> POST /post/create [bff] 302 69ms
2013-05-30 22:28:42.012 [info] <0.152.0> Loading routes from "/home/nick/Dev/bff/priv/bff.routes" ....
2013-05-30 22:28:42.090 [info] <0.137.0> GET /post/list [bff] 200 78ms
2013-05-30 22:28:46.841 [info] <0.152.0> Loading routes from "/home/nick/Dev/bff/priv/bff.routes" ....
2013-05-30 22:28:46.927 [info] <0.137.0> GET /post/create [bff] 200 85ms
2013-05-30 22:28:52.778 [info] <0.152.0> Loading routes from "/home/nick/Dev/bff/priv/bff.routes" ....
2013-05-30 22:28:52.846 [info] <0.137.0> POST /post/create [bff] 302 67ms
2013-05-30 22:28:52.849 [info] <0.152.0> Loading routes from "/home/nick/Dev/bff/priv/bff.routes" ....
2013-05-30 22:28:52.917 [info] <0.137.0> GET /post/list [bff] 200 67ms
